2020-09-23 11:43:31.554 [main] WARN  org.mybatis.spring.mapper.ClassPathMapperScanner - No MyBatis mapper was found in '[njust.se2.librarymanagementsystemweb]' package. Please check your configuration.
2020-09-23 11:43:32.371 [main] WARN  o.s.b.a.o.j.JpaBaseConfiguration$JpaWebConfiguration - spring.jpa.open-in-view is enabled by default. Therefore, database queries may be performed during view rendering. Explicitly configure spring.jpa.open-in-view to disable this warning
2020-09-23 11:43:53.608 [http-nio-8998-exec-1] WARN  org.apache.shiro.mgt.AbstractRememberMeManager - There was a failure while trying to retrieve remembered principals.  This could be due to a configuration problem or corrupted principals.  This could also be due to a recently changed encryption key, if you are using a shiro.ini file, this property would be 'securityManager.rememberMeManager.cipherKey' see: http://shiro.apache.org/web.html#Web-RememberMeServices. The remembered identity will be forgotten and not used for this request.
2020-09-23 11:43:53.610 [http-nio-8998-exec-1] WARN  org.apache.shiro.mgt.DefaultSecurityManager - Delegate RememberMeManager instance of type [org.apache.shiro.web.mgt.CookieRememberMeManager] threw an exception during getRememberedPrincipals().
org.apache.shiro.crypto.CryptoException: Unable to execute 'doFinal' with cipher instance [javax.crypto.Cipher@6745ec90].
	at org.apache.shiro.crypto.JcaCipherService.crypt(JcaCipherService.java:462)
	at org.apache.shiro.crypto.JcaCipherService.crypt(JcaCipherService.java:445)
	at org.apache.shiro.crypto.JcaCipherService.decrypt(JcaCipherService.java:390)
	at org.apache.shiro.crypto.JcaCipherService.decrypt(JcaCipherService.java:382)
	at org.apache.shiro.mgt.AbstractRememberMeManager.decrypt(AbstractRememberMeManager.java:482)
	at org.apache.shiro.mgt.AbstractRememberMeManager.convertBytesToPrincipals(AbstractRememberMeManager.java:419)
	at org.apache.shiro.mgt.AbstractRememberMeManager.getRememberedPrincipals(AbstractRememberMeManager.java:386)
	at org.apache.shiro.mgt.DefaultSecurityManager.getRememberedIdentity(DefaultSecurityManager.java:613)
	at org.apache.shiro.mgt.DefaultSecurityManager.resolvePrincipals(DefaultSecurityManager.java:501)
	at org.apache.shiro.mgt.DefaultSecurityManager.createSubject(DefaultSecurityManager.java:347)
	at org.apache.shiro.subject.Subject$Builder.buildSubject(Subject.java:845)
	at org.apache.shiro.web.subject.WebSubject$Builder.buildWebSubject(WebSubject.java:148)
	at org.apache.shiro.web.servlet.AbstractShiroFilter.createSubject(AbstractShiroFilter.java:292)
	at org.apache.shiro.web.servlet.AbstractShiroFilter.doFilterInternal(AbstractShiroFilter.java:359)
	at org.apache.shiro.web.servlet.OncePerRequestFilter.doFilter(OncePerRequestFilter.java:125)
	at org.apache.catalina.core.ApplicationFilterChain.internalDoFilter(ApplicationFilterChain.java:193)
	at org.apache.catalina.core.ApplicationFilterChain.doFilter(ApplicationFilterChain.java:166)
	at org.springframework.web.filter.RequestContextFilter.doFilterInternal(RequestContextFilter.java:100)
	at org.springframework.web.filter.OncePerRequestFilter.doFilter(OncePerRequestFilter.java:119)
	at org.apache.catalina.core.ApplicationFilterChain.internalDoFilter(ApplicationFilterChain.java:193)
	at org.apache.catalina.core.ApplicationFilterChain.doFilter(ApplicationFilterChain.java:166)
	at org.springframework.web.filter.FormContentFilter.doFilterInternal(FormContentFilter.java:93)
	at org.springframework.web.filter.OncePerRequestFilter.doFilter(OncePerRequestFilter.java:119)
	at org.apache.catalina.core.ApplicationFilterChain.internalDoFilter(ApplicationFilterChain.java:193)
	at org.apache.catalina.core.ApplicationFilterChain.doFilter(ApplicationFilterChain.java:166)
	at org.springframework.web.filter.CharacterEncodingFilter.doFilterInternal(CharacterEncodingFilter.java:201)
	at org.springframework.web.filter.OncePerRequestFilter.doFilter(OncePerRequestFilter.java:119)
	at org.apache.catalina.core.ApplicationFilterChain.internalDoFilter(ApplicationFilterChain.java:193)
	at org.apache.catalina.core.ApplicationFilterChain.doFilter(ApplicationFilterChain.java:166)
	at org.apache.catalina.core.StandardWrapperValve.invoke(StandardWrapperValve.java:202)
	at org.apache.catalina.core.StandardContextValve.invoke(StandardContextValve.java:96)
	at org.apache.catalina.authenticator.AuthenticatorBase.invoke(AuthenticatorBase.java:541)
	at org.apache.catalina.core.StandardHostValve.invoke(StandardHostValve.java:139)
	at org.apache.catalina.valves.ErrorReportValve.invoke(ErrorReportValve.java:92)
	at org.apache.catalina.core.StandardEngineValve.invoke(StandardEngineValve.java:74)
	at org.apache.catalina.connector.CoyoteAdapter.service(CoyoteAdapter.java:343)
	at org.apache.coyote.http11.Http11Processor.service(Http11Processor.java:373)
	at org.apache.coyote.AbstractProcessorLight.process(AbstractProcessorLight.java:65)
	at org.apache.coyote.AbstractProtocol$ConnectionHandler.process(AbstractProtocol.java:868)
	at org.apache.tomcat.util.net.NioEndpoint$SocketProcessor.doRun(NioEndpoint.java:1589)
	at org.apache.tomcat.util.net.SocketProcessorBase.run(SocketProcessorBase.java:49)
	at java.base/java.util.concurrent.ThreadPoolExecutor.runWorker(ThreadPoolExecutor.java:1128)
	at java.base/java.util.concurrent.ThreadPoolExecutor$Worker.run(ThreadPoolExecutor.java:628)
	at org.apache.tomcat.util.threads.TaskThread$WrappingRunnable.run(TaskThread.java:61)
	at java.base/java.lang.Thread.run(Thread.java:834)
Caused by: javax.crypto.BadPaddingException: Given final block not properly padded. Such issues can arise if a bad key is used during decryption.
	at java.base/com.sun.crypto.provider.CipherCore.unpad(CipherCore.java:975)
	at java.base/com.sun.crypto.provider.CipherCore.fillOutputBuffer(CipherCore.java:1056)
	at java.base/com.sun.crypto.provider.CipherCore.doFinal(CipherCore.java:853)
	at java.base/com.sun.crypto.provider.AESCipher.engineDoFinal(AESCipher.java:446)
	at java.base/javax.crypto.Cipher.doFinal(Cipher.java:2202)
	at org.apache.shiro.crypto.JcaCipherService.crypt(JcaCipherService.java:459)
	... 44 common frames omitted
2020-09-23 11:43:53.812 [http-nio-8998-exec-1] WARN  org.apache.catalina.util.SessionIdGeneratorBase - Creation of SecureRandom instance for session ID generation using [SHA1PRNG] took [195] milliseconds.
2020-09-23 11:53:04.568 [main] WARN  org.mybatis.spring.mapper.ClassPathMapperScanner - No MyBatis mapper was found in '[njust.se2.librarymanagementsystemweb]' package. Please check your configuration.
2020-09-23 11:53:05.515 [main] WARN  o.s.b.a.o.j.JpaBaseConfiguration$JpaWebConfiguration - spring.jpa.open-in-view is enabled by default. Therefore, database queries may be performed during view rendering. Explicitly configure spring.jpa.open-in-view to disable this warning
2020-09-23 11:53:30.900 [http-nio-8998-exec-1] WARN  org.apache.catalina.util.SessionIdGeneratorBase - Creation of SecureRandom instance for session ID generation using [SHA1PRNG] took [162] milliseconds.
2020-09-23 12:08:34.641 [main] WARN  org.mybatis.spring.mapper.ClassPathMapperScanner - No MyBatis mapper was found in '[njust.se2.librarymanagementsystemweb]' package. Please check your configuration.
2020-09-23 12:08:35.344 [main] WARN  o.s.b.a.o.j.JpaBaseConfiguration$JpaWebConfiguration - spring.jpa.open-in-view is enabled by default. Therefore, database queries may be performed during view rendering. Explicitly configure spring.jpa.open-in-view to disable this warning
2020-09-23 12:08:56.321 [http-nio-8998-exec-1] WARN  org.apache.shiro.mgt.AbstractRememberMeManager - There was a failure while trying to retrieve remembered principals.  This could be due to a configuration problem or corrupted principals.  This could also be due to a recently changed encryption key, if you are using a shiro.ini file, this property would be 'securityManager.rememberMeManager.cipherKey' see: http://shiro.apache.org/web.html#Web-RememberMeServices. The remembered identity will be forgotten and not used for this request.
2020-09-23 12:08:56.334 [http-nio-8998-exec-1] WARN  org.apache.shiro.mgt.DefaultSecurityManager - Delegate RememberMeManager instance of type [org.apache.shiro.web.mgt.CookieRememberMeManager] threw an exception during getRememberedPrincipals().
org.apache.shiro.crypto.CryptoException: Unable to execute 'doFinal' with cipher instance [javax.crypto.Cipher@6d25a78d].
	at org.apache.shiro.crypto.JcaCipherService.crypt(JcaCipherService.java:462)
	at org.apache.shiro.crypto.JcaCipherService.crypt(JcaCipherService.java:445)
	at org.apache.shiro.crypto.JcaCipherService.decrypt(JcaCipherService.java:390)
	at org.apache.shiro.crypto.JcaCipherService.decrypt(JcaCipherService.java:382)
	at org.apache.shiro.mgt.AbstractRememberMeManager.decrypt(AbstractRememberMeManager.java:482)
	at org.apache.shiro.mgt.AbstractRememberMeManager.convertBytesToPrincipals(AbstractRememberMeManager.java:419)
	at org.apache.shiro.mgt.AbstractRememberMeManager.getRememberedPrincipals(AbstractRememberMeManager.java:386)
	at org.apache.shiro.mgt.DefaultSecurityManager.getRememberedIdentity(DefaultSecurityManager.java:613)
	at org.apache.shiro.mgt.DefaultSecurityManager.resolvePrincipals(DefaultSecurityManager.java:501)
	at org.apache.shiro.mgt.DefaultSecurityManager.createSubject(DefaultSecurityManager.java:347)
	at org.apache.shiro.subject.Subject$Builder.buildSubject(Subject.java:845)
	at org.apache.shiro.web.subject.WebSubject$Builder.buildWebSubject(WebSubject.java:148)
	at org.apache.shiro.web.servlet.AbstractShiroFilter.createSubject(AbstractShiroFilter.java:292)
	at org.apache.shiro.web.servlet.AbstractShiroFilter.doFilterInternal(AbstractShiroFilter.java:359)
	at org.apache.shiro.web.servlet.OncePerRequestFilter.doFilter(OncePerRequestFilter.java:125)
	at org.apache.catalina.core.ApplicationFilterChain.internalDoFilter(ApplicationFilterChain.java:193)
	at org.apache.catalina.core.ApplicationFilterChain.doFilter(ApplicationFilterChain.java:166)
	at org.springframework.web.filter.RequestContextFilter.doFilterInternal(RequestContextFilter.java:100)
	at org.springframework.web.filter.OncePerRequestFilter.doFilter(OncePerRequestFilter.java:119)
	at org.apache.catalina.core.ApplicationFilterChain.internalDoFilter(ApplicationFilterChain.java:193)
	at org.apache.catalina.core.ApplicationFilterChain.doFilter(ApplicationFilterChain.java:166)
	at org.springframework.web.filter.FormContentFilter.doFilterInternal(FormContentFilter.java:93)
	at org.springframework.web.filter.OncePerRequestFilter.doFilter(OncePerRequestFilter.java:119)
	at org.apache.catalina.core.ApplicationFilterChain.internalDoFilter(ApplicationFilterChain.java:193)
	at org.apache.catalina.core.ApplicationFilterChain.doFilter(ApplicationFilterChain.java:166)
	at org.springframework.web.filter.CharacterEncodingFilter.doFilterInternal(CharacterEncodingFilter.java:201)
	at org.springframework.web.filter.OncePerRequestFilter.doFilter(OncePerRequestFilter.java:119)
	at org.apache.catalina.core.ApplicationFilterChain.internalDoFilter(ApplicationFilterChain.java:193)
	at org.apache.catalina.core.ApplicationFilterChain.doFilter(ApplicationFilterChain.java:166)
	at org.apache.catalina.core.StandardWrapperValve.invoke(StandardWrapperValve.java:202)
	at org.apache.catalina.core.StandardContextValve.invoke(StandardContextValve.java:96)
	at org.apache.catalina.authenticator.AuthenticatorBase.invoke(AuthenticatorBase.java:541)
	at org.apache.catalina.core.StandardHostValve.invoke(StandardHostValve.java:139)
	at org.apache.catalina.valves.ErrorReportValve.invoke(ErrorReportValve.java:92)
	at org.apache.catalina.core.StandardEngineValve.invoke(StandardEngineValve.java:74)
	at org.apache.catalina.connector.CoyoteAdapter.service(CoyoteAdapter.java:343)
	at org.apache.coyote.http11.Http11Processor.service(Http11Processor.java:373)
	at org.apache.coyote.AbstractProcessorLight.process(AbstractProcessorLight.java:65)
	at org.apache.coyote.AbstractProtocol$ConnectionHandler.process(AbstractProtocol.java:868)
	at org.apache.tomcat.util.net.NioEndpoint$SocketProcessor.doRun(NioEndpoint.java:1589)
	at org.apache.tomcat.util.net.SocketProcessorBase.run(SocketProcessorBase.java:49)
	at java.base/java.util.concurrent.ThreadPoolExecutor.runWorker(ThreadPoolExecutor.java:1128)
	at java.base/java.util.concurrent.ThreadPoolExecutor$Worker.run(ThreadPoolExecutor.java:628)
	at org.apache.tomcat.util.threads.TaskThread$WrappingRunnable.run(TaskThread.java:61)
	at java.base/java.lang.Thread.run(Thread.java:834)
Caused by: javax.crypto.BadPaddingException: Given final block not properly padded. Such issues can arise if a bad key is used during decryption.
	at java.base/com.sun.crypto.provider.CipherCore.unpad(CipherCore.java:975)
	at java.base/com.sun.crypto.provider.CipherCore.fillOutputBuffer(CipherCore.java:1056)
	at java.base/com.sun.crypto.provider.CipherCore.doFinal(CipherCore.java:853)
	at java.base/com.sun.crypto.provider.AESCipher.engineDoFinal(AESCipher.java:446)
	at java.base/javax.crypto.Cipher.doFinal(Cipher.java:2202)
	at org.apache.shiro.crypto.JcaCipherService.crypt(JcaCipherService.java:459)
	... 44 common frames omitted
2020-09-23 12:08:56.503 [http-nio-8998-exec-1] WARN  org.apache.catalina.util.SessionIdGeneratorBase - Creation of SecureRandom instance for session ID generation using [SHA1PRNG] took [163] milliseconds.
2020-09-23 12:18:15.443 [main] WARN  org.mybatis.spring.mapper.ClassPathMapperScanner - No MyBatis mapper was found in '[njust.se2.librarymanagementsystemweb]' package. Please check your configuration.
2020-09-23 12:18:16.090 [main] WARN  o.s.b.a.o.j.JpaBaseConfiguration$JpaWebConfiguration - spring.jpa.open-in-view is enabled by default. Therefore, database queries may be performed during view rendering. Explicitly configure spring.jpa.open-in-view to disable this warning
2020-09-23 12:18:58.954 [http-nio-8998-exec-2] WARN  org.apache.catalina.util.SessionIdGeneratorBase - Creation of SecureRandom instance for session ID generation using [SHA1PRNG] took [157] milliseconds.
2020-09-23 12:27:02.745 [main] WARN  org.mybatis.spring.mapper.ClassPathMapperScanner - No MyBatis mapper was found in '[njust.se2.librarymanagementsystemweb]' package. Please check your configuration.
2020-09-23 12:27:03.567 [main] WARN  o.s.b.a.o.j.JpaBaseConfiguration$JpaWebConfiguration - spring.jpa.open-in-view is enabled by default. Therefore, database queries may be performed during view rendering. Explicitly configure spring.jpa.open-in-view to disable this warning
2020-09-23 12:27:20.695 [http-nio-8998-exec-1] WARN  org.apache.catalina.util.SessionIdGeneratorBase - Creation of SecureRandom instance for session ID generation using [SHA1PRNG] took [158] milliseconds.
2020-09-23 12:38:49.812 [http-nio-8998-exec-4] WARN  org.hibernate.engine.jdbc.spi.SqlExceptionHelper - SQL Error: 1054, SQLState: 42S22
2020-09-23 12:38:59.212 [main] WARN  org.mybatis.spring.mapper.ClassPathMapperScanner - No MyBatis mapper was found in '[njust.se2.librarymanagementsystemweb]' package. Please check your configuration.
2020-09-23 12:39:00.013 [main] WARN  o.s.b.a.o.j.JpaBaseConfiguration$JpaWebConfiguration - spring.jpa.open-in-view is enabled by default. Therefore, database queries may be performed during view rendering. Explicitly configure spring.jpa.open-in-view to disable this warning
2020-09-23 12:39:18.660 [http-nio-8998-exec-1] WARN  org.apache.shiro.mgt.AbstractRememberMeManager - There was a failure while trying to retrieve remembered principals.  This could be due to a configuration problem or corrupted principals.  This could also be due to a recently changed encryption key, if you are using a shiro.ini file, this property would be 'securityManager.rememberMeManager.cipherKey' see: http://shiro.apache.org/web.html#Web-RememberMeServices. The remembered identity will be forgotten and not used for this request.
2020-09-23 12:39:18.662 [http-nio-8998-exec-1] WARN  org.apache.shiro.mgt.DefaultSecurityManager - Delegate RememberMeManager instance of type [org.apache.shiro.web.mgt.CookieRememberMeManager] threw an exception during getRememberedPrincipals().
org.apache.shiro.crypto.CryptoException: Unable to execute 'doFinal' with cipher instance [javax.crypto.Cipher@680cda16].
	at org.apache.shiro.crypto.JcaCipherService.crypt(JcaCipherService.java:462)
	at org.apache.shiro.crypto.JcaCipherService.crypt(JcaCipherService.java:445)
	at org.apache.shiro.crypto.JcaCipherService.decrypt(JcaCipherService.java:390)
	at org.apache.shiro.crypto.JcaCipherService.decrypt(JcaCipherService.java:382)
	at org.apache.shiro.mgt.AbstractRememberMeManager.decrypt(AbstractRememberMeManager.java:482)
	at org.apache.shiro.mgt.AbstractRememberMeManager.convertBytesToPrincipals(AbstractRememberMeManager.java:419)
	at org.apache.shiro.mgt.AbstractRememberMeManager.getRememberedPrincipals(AbstractRememberMeManager.java:386)
	at org.apache.shiro.mgt.DefaultSecurityManager.getRememberedIdentity(DefaultSecurityManager.java:613)
	at org.apache.shiro.mgt.DefaultSecurityManager.resolvePrincipals(DefaultSecurityManager.java:501)
	at org.apache.shiro.mgt.DefaultSecurityManager.createSubject(DefaultSecurityManager.java:347)
	at org.apache.shiro.subject.Subject$Builder.buildSubject(Subject.java:845)
	at org.apache.shiro.web.subject.WebSubject$Builder.buildWebSubject(WebSubject.java:148)
	at org.apache.shiro.web.servlet.AbstractShiroFilter.createSubject(AbstractShiroFilter.java:292)
	at org.apache.shiro.web.servlet.AbstractShiroFilter.doFilterInternal(AbstractShiroFilter.java:359)
	at org.apache.shiro.web.servlet.OncePerRequestFilter.doFilter(OncePerRequestFilter.java:125)
	at org.apache.catalina.core.ApplicationFilterChain.internalDoFilter(ApplicationFilterChain.java:193)
	at org.apache.catalina.core.ApplicationFilterChain.doFilter(ApplicationFilterChain.java:166)
	at org.springframework.web.filter.RequestContextFilter.doFilterInternal(RequestContextFilter.java:100)
	at org.springframework.web.filter.OncePerRequestFilter.doFilter(OncePerRequestFilter.java:119)
	at org.apache.catalina.core.ApplicationFilterChain.internalDoFilter(ApplicationFilterChain.java:193)
	at org.apache.catalina.core.ApplicationFilterChain.doFilter(ApplicationFilterChain.java:166)
	at org.springframework.web.filter.FormContentFilter.doFilterInternal(FormContentFilter.java:93)
	at org.springframework.web.filter.OncePerRequestFilter.doFilter(OncePerRequestFilter.java:119)
	at org.apache.catalina.core.ApplicationFilterChain.internalDoFilter(ApplicationFilterChain.java:193)
	at org.apache.catalina.core.ApplicationFilterChain.doFilter(ApplicationFilterChain.java:166)
	at org.springframework.web.filter.CharacterEncodingFilter.doFilterInternal(CharacterEncodingFilter.java:201)
	at org.springframework.web.filter.OncePerRequestFilter.doFilter(OncePerRequestFilter.java:119)
	at org.apache.catalina.core.ApplicationFilterChain.internalDoFilter(ApplicationFilterChain.java:193)
	at org.apache.catalina.core.ApplicationFilterChain.doFilter(ApplicationFilterChain.java:166)
	at org.apache.catalina.core.StandardWrapperValve.invoke(StandardWrapperValve.java:202)
	at org.apache.catalina.core.StandardContextValve.invoke(StandardContextValve.java:96)
	at org.apache.catalina.authenticator.AuthenticatorBase.invoke(AuthenticatorBase.java:541)
	at org.apache.catalina.core.StandardHostValve.invoke(StandardHostValve.java:139)
	at org.apache.catalina.valves.ErrorReportValve.invoke(ErrorReportValve.java:92)
	at org.apache.catalina.core.StandardEngineValve.invoke(StandardEngineValve.java:74)
	at org.apache.catalina.connector.CoyoteAdapter.service(CoyoteAdapter.java:343)
	at org.apache.coyote.http11.Http11Processor.service(Http11Processor.java:373)
	at org.apache.coyote.AbstractProcessorLight.process(AbstractProcessorLight.java:65)
	at org.apache.coyote.AbstractProtocol$ConnectionHandler.process(AbstractProtocol.java:868)
	at org.apache.tomcat.util.net.NioEndpoint$SocketProcessor.doRun(NioEndpoint.java:1589)
	at org.apache.tomcat.util.net.SocketProcessorBase.run(SocketProcessorBase.java:49)
	at java.base/java.util.concurrent.ThreadPoolExecutor.runWorker(ThreadPoolExecutor.java:1128)
	at java.base/java.util.concurrent.ThreadPoolExecutor$Worker.run(ThreadPoolExecutor.java:628)
	at org.apache.tomcat.util.threads.TaskThread$WrappingRunnable.run(TaskThread.java:61)
	at java.base/java.lang.Thread.run(Thread.java:834)
Caused by: javax.crypto.BadPaddingException: Given final block not properly padded. Such issues can arise if a bad key is used during decryption.
	at java.base/com.sun.crypto.provider.CipherCore.unpad(CipherCore.java:975)
	at java.base/com.sun.crypto.provider.CipherCore.fillOutputBuffer(CipherCore.java:1056)
	at java.base/com.sun.crypto.provider.CipherCore.doFinal(CipherCore.java:853)
	at java.base/com.sun.crypto.provider.AESCipher.engineDoFinal(AESCipher.java:446)
	at java.base/javax.crypto.Cipher.doFinal(Cipher.java:2202)
	at org.apache.shiro.crypto.JcaCipherService.crypt(JcaCipherService.java:459)
	... 44 common frames omitted
2020-09-23 12:39:18.837 [http-nio-8998-exec-1] WARN  org.apache.catalina.util.SessionIdGeneratorBase - Creation of SecureRandom instance for session ID generation using [SHA1PRNG] took [169] milliseconds.
2020-09-23 12:53:30.944 [main] WARN  org.mybatis.spring.mapper.ClassPathMapperScanner - No MyBatis mapper was found in '[njust.se2.librarymanagementsystemweb]' package. Please check your configuration.
2020-09-23 12:53:31.663 [main] WARN  o.s.b.a.o.j.JpaBaseConfiguration$JpaWebConfiguration - spring.jpa.open-in-view is enabled by default. Therefore, database queries may be performed during view rendering. Explicitly configure spring.jpa.open-in-view to disable this warning
2020-09-23 12:53:54.200 [http-nio-8998-exec-1] WARN  org.apache.shiro.mgt.AbstractRememberMeManager - There was a failure while trying to retrieve remembered principals.  This could be due to a configuration problem or corrupted principals.  This could also be due to a recently changed encryption key, if you are using a shiro.ini file, this property would be 'securityManager.rememberMeManager.cipherKey' see: http://shiro.apache.org/web.html#Web-RememberMeServices. The remembered identity will be forgotten and not used for this request.
2020-09-23 12:53:54.202 [http-nio-8998-exec-1] WARN  org.apache.shiro.mgt.DefaultSecurityManager - Delegate RememberMeManager instance of type [org.apache.shiro.web.mgt.CookieRememberMeManager] threw an exception during getRememberedPrincipals().
org.apache.shiro.crypto.CryptoException: Unable to execute 'doFinal' with cipher instance [javax.crypto.Cipher@2bf2e190].
	at org.apache.shiro.crypto.JcaCipherService.crypt(JcaCipherService.java:462)
	at org.apache.shiro.crypto.JcaCipherService.crypt(JcaCipherService.java:445)
	at org.apache.shiro.crypto.JcaCipherService.decrypt(JcaCipherService.java:390)
	at org.apache.shiro.crypto.JcaCipherService.decrypt(JcaCipherService.java:382)
	at org.apache.shiro.mgt.AbstractRememberMeManager.decrypt(AbstractRememberMeManager.java:482)
	at org.apache.shiro.mgt.AbstractRememberMeManager.convertBytesToPrincipals(AbstractRememberMeManager.java:419)
	at org.apache.shiro.mgt.AbstractRememberMeManager.getRememberedPrincipals(AbstractRememberMeManager.java:386)
	at org.apache.shiro.mgt.DefaultSecurityManager.getRememberedIdentity(DefaultSecurityManager.java:613)
	at org.apache.shiro.mgt.DefaultSecurityManager.resolvePrincipals(DefaultSecurityManager.java:501)
	at org.apache.shiro.mgt.DefaultSecurityManager.createSubject(DefaultSecurityManager.java:347)
	at org.apache.shiro.subject.Subject$Builder.buildSubject(Subject.java:845)
	at org.apache.shiro.web.subject.WebSubject$Builder.buildWebSubject(WebSubject.java:148)
	at org.apache.shiro.web.servlet.AbstractShiroFilter.createSubject(AbstractShiroFilter.java:292)
	at org.apache.shiro.web.servlet.AbstractShiroFilter.doFilterInternal(AbstractShiroFilter.java:359)
	at org.apache.shiro.web.servlet.OncePerRequestFilter.doFilter(OncePerRequestFilter.java:125)
	at org.apache.catalina.core.ApplicationFilterChain.internalDoFilter(ApplicationFilterChain.java:193)
	at org.apache.catalina.core.ApplicationFilterChain.doFilter(ApplicationFilterChain.java:166)
	at org.springframework.web.filter.RequestContextFilter.doFilterInternal(RequestContextFilter.java:100)
	at org.springframework.web.filter.OncePerRequestFilter.doFilter(OncePerRequestFilter.java:119)
	at org.apache.catalina.core.ApplicationFilterChain.internalDoFilter(ApplicationFilterChain.java:193)
	at org.apache.catalina.core.ApplicationFilterChain.doFilter(ApplicationFilterChain.java:166)
	at org.springframework.web.filter.FormContentFilter.doFilterInternal(FormContentFilter.java:93)
	at org.springframework.web.filter.OncePerRequestFilter.doFilter(OncePerRequestFilter.java:119)
	at org.apache.catalina.core.ApplicationFilterChain.internalDoFilter(ApplicationFilterChain.java:193)
	at org.apache.catalina.core.ApplicationFilterChain.doFilter(ApplicationFilterChain.java:166)
	at org.springframework.web.filter.CharacterEncodingFilter.doFilterInternal(CharacterEncodingFilter.java:201)
	at org.springframework.web.filter.OncePerRequestFilter.doFilter(OncePerRequestFilter.java:119)
	at org.apache.catalina.core.ApplicationFilterChain.internalDoFilter(ApplicationFilterChain.java:193)
	at org.apache.catalina.core.ApplicationFilterChain.doFilter(ApplicationFilterChain.java:166)
	at org.apache.catalina.core.StandardWrapperValve.invoke(StandardWrapperValve.java:202)
	at org.apache.catalina.core.StandardContextValve.invoke(StandardContextValve.java:96)
	at org.apache.catalina.authenticator.AuthenticatorBase.invoke(AuthenticatorBase.java:541)
	at org.apache.catalina.core.StandardHostValve.invoke(StandardHostValve.java:139)
	at org.apache.catalina.valves.ErrorReportValve.invoke(ErrorReportValve.java:92)
	at org.apache.catalina.core.StandardEngineValve.invoke(StandardEngineValve.java:74)
	at org.apache.catalina.connector.CoyoteAdapter.service(CoyoteAdapter.java:343)
	at org.apache.coyote.http11.Http11Processor.service(Http11Processor.java:373)
	at org.apache.coyote.AbstractProcessorLight.process(AbstractProcessorLight.java:65)
	at org.apache.coyote.AbstractProtocol$ConnectionHandler.process(AbstractProtocol.java:868)
	at org.apache.tomcat.util.net.NioEndpoint$SocketProcessor.doRun(NioEndpoint.java:1589)
	at org.apache.tomcat.util.net.SocketProcessorBase.run(SocketProcessorBase.java:49)
	at java.base/java.util.concurrent.ThreadPoolExecutor.runWorker(ThreadPoolExecutor.java:1128)
	at java.base/java.util.concurrent.ThreadPoolExecutor$Worker.run(ThreadPoolExecutor.java:628)
	at org.apache.tomcat.util.threads.TaskThread$WrappingRunnable.run(TaskThread.java:61)
	at java.base/java.lang.Thread.run(Thread.java:834)
Caused by: javax.crypto.BadPaddingException: Given final block not properly padded. Such issues can arise if a bad key is used during decryption.
	at java.base/com.sun.crypto.provider.CipherCore.unpad(CipherCore.java:975)
	at java.base/com.sun.crypto.provider.CipherCore.fillOutputBuffer(CipherCore.java:1056)
	at java.base/com.sun.crypto.provider.CipherCore.doFinal(CipherCore.java:853)
	at java.base/com.sun.crypto.provider.AESCipher.engineDoFinal(AESCipher.java:446)
	at java.base/javax.crypto.Cipher.doFinal(Cipher.java:2202)
	at org.apache.shiro.crypto.JcaCipherService.crypt(JcaCipherService.java:459)
	... 44 common frames omitted
2020-09-23 12:53:54.377 [http-nio-8998-exec-1] WARN  org.apache.catalina.util.SessionIdGeneratorBase - Creation of SecureRandom instance for session ID generation using [SHA1PRNG] took [168] milliseconds.
2020-09-23 13:05:23.604 [main] WARN  org.mybatis.spring.mapper.ClassPathMapperScanner - No MyBatis mapper was found in '[njust.se2.librarymanagementsystemweb]' package. Please check your configuration.
2020-09-23 13:05:24.327 [main] WARN  o.s.b.a.o.j.JpaBaseConfiguration$JpaWebConfiguration - spring.jpa.open-in-view is enabled by default. Therefore, database queries may be performed during view rendering. Explicitly configure spring.jpa.open-in-view to disable this warning
2020-09-23 13:05:45.452 [http-nio-8998-exec-1] WARN  org.apache.shiro.mgt.AbstractRememberMeManager - There was a failure while trying to retrieve remembered principals.  This could be due to a configuration problem or corrupted principals.  This could also be due to a recently changed encryption key, if you are using a shiro.ini file, this property would be 'securityManager.rememberMeManager.cipherKey' see: http://shiro.apache.org/web.html#Web-RememberMeServices. The remembered identity will be forgotten and not used for this request.
2020-09-23 13:05:45.455 [http-nio-8998-exec-1] WARN  org.apache.shiro.mgt.DefaultSecurityManager - Delegate RememberMeManager instance of type [org.apache.shiro.web.mgt.CookieRememberMeManager] threw an exception during getRememberedPrincipals().
org.apache.shiro.crypto.CryptoException: Unable to execute 'doFinal' with cipher instance [javax.crypto.Cipher@5cf8b6a0].
	at org.apache.shiro.crypto.JcaCipherService.crypt(JcaCipherService.java:462)
	at org.apache.shiro.crypto.JcaCipherService.crypt(JcaCipherService.java:445)
	at org.apache.shiro.crypto.JcaCipherService.decrypt(JcaCipherService.java:390)
	at org.apache.shiro.crypto.JcaCipherService.decrypt(JcaCipherService.java:382)
	at org.apache.shiro.mgt.AbstractRememberMeManager.decrypt(AbstractRememberMeManager.java:482)
	at org.apache.shiro.mgt.AbstractRememberMeManager.convertBytesToPrincipals(AbstractRememberMeManager.java:419)
	at org.apache.shiro.mgt.AbstractRememberMeManager.getRememberedPrincipals(AbstractRememberMeManager.java:386)
	at org.apache.shiro.mgt.DefaultSecurityManager.getRememberedIdentity(DefaultSecurityManager.java:613)
	at org.apache.shiro.mgt.DefaultSecurityManager.resolvePrincipals(DefaultSecurityManager.java:501)
	at org.apache.shiro.mgt.DefaultSecurityManager.createSubject(DefaultSecurityManager.java:347)
	at org.apache.shiro.subject.Subject$Builder.buildSubject(Subject.java:845)
	at org.apache.shiro.web.subject.WebSubject$Builder.buildWebSubject(WebSubject.java:148)
	at org.apache.shiro.web.servlet.AbstractShiroFilter.createSubject(AbstractShiroFilter.java:292)
	at org.apache.shiro.web.servlet.AbstractShiroFilter.doFilterInternal(AbstractShiroFilter.java:359)
	at org.apache.shiro.web.servlet.OncePerRequestFilter.doFilter(OncePerRequestFilter.java:125)
	at org.apache.catalina.core.ApplicationFilterChain.internalDoFilter(ApplicationFilterChain.java:193)
	at org.apache.catalina.core.ApplicationFilterChain.doFilter(ApplicationFilterChain.java:166)
	at org.springframework.web.filter.RequestContextFilter.doFilterInternal(RequestContextFilter.java:100)
	at org.springframework.web.filter.OncePerRequestFilter.doFilter(OncePerRequestFilter.java:119)
	at org.apache.catalina.core.ApplicationFilterChain.internalDoFilter(ApplicationFilterChain.java:193)
	at org.apache.catalina.core.ApplicationFilterChain.doFilter(ApplicationFilterChain.java:166)
	at org.springframework.web.filter.FormContentFilter.doFilterInternal(FormContentFilter.java:93)
	at org.springframework.web.filter.OncePerRequestFilter.doFilter(OncePerRequestFilter.java:119)
	at org.apache.catalina.core.ApplicationFilterChain.internalDoFilter(ApplicationFilterChain.java:193)
	at org.apache.catalina.core.ApplicationFilterChain.doFilter(ApplicationFilterChain.java:166)
	at org.springframework.web.filter.CharacterEncodingFilter.doFilterInternal(CharacterEncodingFilter.java:201)
	at org.springframework.web.filter.OncePerRequestFilter.doFilter(OncePerRequestFilter.java:119)
	at org.apache.catalina.core.ApplicationFilterChain.internalDoFilter(ApplicationFilterChain.java:193)
	at org.apache.catalina.core.ApplicationFilterChain.doFilter(ApplicationFilterChain.java:166)
	at org.apache.catalina.core.StandardWrapperValve.invoke(StandardWrapperValve.java:202)
	at org.apache.catalina.core.StandardContextValve.invoke(StandardContextValve.java:96)
	at org.apache.catalina.authenticator.AuthenticatorBase.invoke(AuthenticatorBase.java:541)
	at org.apache.catalina.core.StandardHostValve.invoke(StandardHostValve.java:139)
	at org.apache.catalina.valves.ErrorReportValve.invoke(ErrorReportValve.java:92)
	at org.apache.catalina.core.StandardEngineValve.invoke(StandardEngineValve.java:74)
	at org.apache.catalina.connector.CoyoteAdapter.service(CoyoteAdapter.java:343)
	at org.apache.coyote.http11.Http11Processor.service(Http11Processor.java:373)
	at org.apache.coyote.AbstractProcessorLight.process(AbstractProcessorLight.java:65)
	at org.apache.coyote.AbstractProtocol$ConnectionHandler.process(AbstractProtocol.java:868)
	at org.apache.tomcat.util.net.NioEndpoint$SocketProcessor.doRun(NioEndpoint.java:1589)
	at org.apache.tomcat.util.net.SocketProcessorBase.run(SocketProcessorBase.java:49)
	at java.base/java.util.concurrent.ThreadPoolExecutor.runWorker(ThreadPoolExecutor.java:1128)
	at java.base/java.util.concurrent.ThreadPoolExecutor$Worker.run(ThreadPoolExecutor.java:628)
	at org.apache.tomcat.util.threads.TaskThread$WrappingRunnable.run(TaskThread.java:61)
	at java.base/java.lang.Thread.run(Thread.java:834)
Caused by: javax.crypto.BadPaddingException: Given final block not properly padded. Such issues can arise if a bad key is used during decryption.
	at java.base/com.sun.crypto.provider.CipherCore.unpad(CipherCore.java:975)
	at java.base/com.sun.crypto.provider.CipherCore.fillOutputBuffer(CipherCore.java:1056)
	at java.base/com.sun.crypto.provider.CipherCore.doFinal(CipherCore.java:853)
	at java.base/com.sun.crypto.provider.AESCipher.engineDoFinal(AESCipher.java:446)
	at java.base/javax.crypto.Cipher.doFinal(Cipher.java:2202)
	at org.apache.shiro.crypto.JcaCipherService.crypt(JcaCipherService.java:459)
	... 44 common frames omitted
2020-09-23 13:05:45.627 [http-nio-8998-exec-1] WARN  org.apache.catalina.util.SessionIdGeneratorBase - Creation of SecureRandom instance for session ID generation using [SHA1PRNG] took [165] milliseconds.
