2020-09-21 09:19:15.402 [background-preinit] INFO  org.hibernate.validator.internal.util.Version - HV000001: Hibernate Validator 5.4.1.Final
2020-09-21 09:19:15.457 [main] INFO  n.s.l.LibrarymanagementsystemWebApplication - Starting LibrarymanagementsystemWebApplication on pnephrit with PID 1188 (E:\Desktop\sms\LibraryManagementSystem\target\classes started by panyu in E:\Desktop\sms\LibraryManagementSystem)
2020-09-21 09:19:15.460 [main] INFO  n.s.l.LibrarymanagementsystemWebApplication - No active profile set, falling back to default profiles: default
2020-09-21 09:19:16.082 [main] INFO  o.s.d.r.config.RepositoryConfigurationDelegate - Bootstrapping Spring Data JPA repositories in DEFERRED mode.
2020-09-21 09:19:16.193 [main] INFO  o.s.d.r.config.RepositoryConfigurationDelegate - Finished Spring Data repository scanning in 105ms. Found 9 JPA repository interfaces.
2020-09-21 09:19:16.554 [main] INFO  o.s.c.s.PostProcessorRegistrationDelegate$BeanPostProcessorChecker - Bean 'shiroConfigurer' of type [njust.se2.librarymanagementsystemweb.config.ShiroConfigurer$$EnhancerBySpringCGLIB$$4b9c495b] is not eligible for getting processed by all BeanPostProcessors (for example: not eligible for auto-proxying)
2020-09-21 09:19:16.646 [main] INFO  o.s.c.s.PostProcessorRegistrationDelegate$BeanPostProcessorChecker - Bean 'hashedCredentialsMatcher' of type [org.apache.shiro.authc.credential.HashedCredentialsMatcher] is not eligible for getting processed by all BeanPostProcessors (for example: not eligible for auto-proxying)
2020-09-21 09:19:16.660 [main] INFO  o.s.c.s.PostProcessorRegistrationDelegate$BeanPostProcessorChecker - Bean 'adminUserRoleService' of type [njust.se2.librarymanagementsystemweb.service.AdminUserRoleService] is not eligible for getting processed by all BeanPostProcessors (for example: not eligible for auto-proxying)
2020-09-21 09:19:16.677 [main] INFO  o.s.c.s.PostProcessorRegistrationDelegate$BeanPostProcessorChecker - Bean 'adminRolePermissionService' of type [njust.se2.librarymanagementsystemweb.service.AdminRolePermissionService] is not eligible for getting processed by all BeanPostProcessors (for example: not eligible for auto-proxying)
2020-09-21 09:19:16.680 [main] INFO  o.s.c.s.PostProcessorRegistrationDelegate$BeanPostProcessorChecker - Bean 'adminPermissionService' of type [njust.se2.librarymanagementsystemweb.service.AdminPermissionService] is not eligible for getting processed by all BeanPostProcessors (for example: not eligible for auto-proxying)
2020-09-21 09:19:16.685 [main] INFO  o.s.c.s.PostProcessorRegistrationDelegate$BeanPostProcessorChecker - Bean 'adminRoleMenuService' of type [njust.se2.librarymanagementsystemweb.service.AdminRoleMenuService] is not eligible for getting processed by all BeanPostProcessors (for example: not eligible for auto-proxying)
2020-09-21 09:19:16.688 [main] INFO  o.s.c.s.PostProcessorRegistrationDelegate$BeanPostProcessorChecker - Bean 'adminMenuService' of type [njust.se2.librarymanagementsystemweb.service.AdminMenuService] is not eligible for getting processed by all BeanPostProcessors (for example: not eligible for auto-proxying)
2020-09-21 09:19:16.688 [main] INFO  o.s.c.s.PostProcessorRegistrationDelegate$BeanPostProcessorChecker - Bean 'adminRoleService' of type [njust.se2.librarymanagementsystemweb.service.AdminRoleService] is not eligible for getting processed by all BeanPostProcessors (for example: not eligible for auto-proxying)
2020-09-21 09:19:16.689 [main] INFO  o.s.c.s.PostProcessorRegistrationDelegate$BeanPostProcessorChecker - Bean 'userService' of type [njust.se2.librarymanagementsystemweb.service.UserService] is not eligible for getting processed by all BeanPostProcessors (for example: not eligible for auto-proxying)
2020-09-21 09:19:16.689 [main] INFO  o.s.c.s.PostProcessorRegistrationDelegate$BeanPostProcessorChecker - Bean 'getLMSRealm' of type [njust.se2.librarymanagementsystemweb.realm.LMSRealm] is not eligible for getting processed by all BeanPostProcessors (for example: not eligible for auto-proxying)
2020-09-21 09:19:16.696 [main] INFO  o.s.c.s.PostProcessorRegistrationDelegate$BeanPostProcessorChecker - Bean 'securityManager' of type [org.apache.shiro.web.mgt.DefaultWebSecurityManager] is not eligible for getting processed by all BeanPostProcessors (for example: not eligible for auto-proxying)
2020-09-21 09:19:16.897 [main] INFO  o.s.boot.web.embedded.tomcat.TomcatWebServer - Tomcat initialized with port(s): 8997 (http)
2020-09-21 09:19:16.908 [main] INFO  org.apache.coyote.http11.Http11NioProtocol - Initializing ProtocolHandler ["http-nio-8997"]
2020-09-21 09:19:16.908 [main] INFO  org.apache.catalina.core.StandardService - Starting service [Tomcat]
2020-09-21 09:19:16.908 [main] INFO  org.apache.catalina.core.StandardEngine - Starting Servlet engine: [Apache Tomcat/9.0.37]
2020-09-21 09:19:16.997 [main] INFO  o.a.c.core.ContainerBase.[Tomcat].[localhost].[/] - Initializing Spring embedded WebApplicationContext
2020-09-21 09:19:16.997 [main] INFO  o.s.b.w.s.c.ServletWebServerApplicationContext - Root WebApplicationContext: initialization completed in 1478 ms
2020-09-21 09:19:17.123 [main] INFO  o.s.scheduling.concurrent.ThreadPoolTaskExecutor - Initializing ExecutorService 'applicationTaskExecutor'
2020-09-21 09:19:17.137 [main] INFO  com.zaxxer.hikari.HikariDataSource - HikariPool-1 - Starting...
2020-09-21 09:19:17.253 [main] INFO  com.zaxxer.hikari.HikariDataSource - HikariPool-1 - Start completed.
2020-09-21 09:19:17.293 [task-1] INFO  org.hibernate.jpa.internal.util.LogHelper - HHH000204: Processing PersistenceUnitInfo [name: default]
2020-09-21 09:19:17.341 [task-1] INFO  org.hibernate.Version - HHH000412: Hibernate ORM core version 5.4.21.Final
2020-09-21 09:19:17.474 [task-1] INFO  org.hibernate.annotations.common.Version - HCANN000001: Hibernate Commons Annotations {5.1.0.Final}
2020-09-21 09:19:17.486 [main] INFO  o.s.b.a.web.servlet.WelcomePageHandlerMapping - Adding welcome page: class path resource [static/index.html]
2020-09-21 09:19:17.567 [task-1] INFO  org.hibernate.dialect.Dialect - HHH000400: Using dialect: org.hibernate.dialect.MySQL57Dialect
2020-09-21 09:19:17.630 [main] INFO  org.apache.coyote.http11.Http11NioProtocol - Starting ProtocolHandler ["http-nio-8997"]
2020-09-21 09:19:17.648 [main] INFO  o.s.boot.web.embedded.tomcat.TomcatWebServer - Tomcat started on port(s): 8997 (http) with context path ''
2020-09-21 09:19:17.649 [main] INFO  o.s.d.r.c.DeferredRepositoryInitializationListener - Triggering deferred initialization of Spring Data repositories…
2020-09-21 09:19:18.059 [task-1] INFO  o.h.e.t.jta.platform.internal.JtaPlatformInitiator - HHH000490: Using JtaPlatform implementation: [org.hibernate.engine.transaction.jta.platform.internal.NoJtaPlatform]
2020-09-21 09:19:18.064 [task-1] INFO  o.s.orm.jpa.LocalContainerEntityManagerFactoryBean - Initialized JPA EntityManagerFactory for persistence unit 'default'
2020-09-21 09:19:18.342 [main] INFO  o.s.d.r.c.DeferredRepositoryInitializationListener - Spring Data repositories initialized!
2020-09-21 09:19:18.348 [main] INFO  n.s.l.LibrarymanagementsystemWebApplication - Started LibrarymanagementsystemWebApplication in 3.445 seconds (JVM running for 4.341)
2020-09-21 09:20:03.066 [http-nio-8997-exec-1] INFO  o.a.c.core.ContainerBase.[Tomcat].[localhost].[/] - Initializing Spring DispatcherServlet 'dispatcherServlet'
2020-09-21 09:20:03.067 [http-nio-8997-exec-1] INFO  org.springframework.web.servlet.DispatcherServlet - Initializing Servlet 'dispatcherServlet'
2020-09-21 09:20:03.072 [http-nio-8997-exec-1] INFO  org.springframework.web.servlet.DispatcherServlet - Completed initialization in 5 ms
2020-09-21 09:21:45.865 [background-preinit] INFO  org.hibernate.validator.internal.util.Version - HV000001: Hibernate Validator 5.4.1.Final
2020-09-21 09:21:45.901 [main] INFO  njust.se2.librarymanagementsystemweb.test.JpaTest - Starting JpaTest on pnephrit with PID 8504 (started by panyu in E:\Desktop\sms\LibraryManagementSystem)
2020-09-21 09:21:45.904 [main] INFO  njust.se2.librarymanagementsystemweb.test.JpaTest - No active profile set, falling back to default profiles: default
2020-09-21 09:21:46.647 [main] INFO  o.s.d.r.config.RepositoryConfigurationDelegate - Bootstrapping Spring Data JPA repositories in DEFERRED mode.
2020-09-21 09:21:46.752 [main] INFO  o.s.d.r.config.RepositoryConfigurationDelegate - Finished Spring Data repository scanning in 94ms. Found 9 JPA repository interfaces.
2020-09-21 09:21:47.071 [main] INFO  o.s.c.s.PostProcessorRegistrationDelegate$BeanPostProcessorChecker - Bean 'shiroConfigurer' of type [njust.se2.librarymanagementsystemweb.config.ShiroConfigurer$$EnhancerBySpringCGLIB$$5baf9de4] is not eligible for getting processed by all BeanPostProcessors (for example: not eligible for auto-proxying)
2020-09-21 09:21:47.368 [main] INFO  o.s.c.s.PostProcessorRegistrationDelegate$BeanPostProcessorChecker - Bean 'hashedCredentialsMatcher' of type [org.apache.shiro.authc.credential.HashedCredentialsMatcher] is not eligible for getting processed by all BeanPostProcessors (for example: not eligible for auto-proxying)
2020-09-21 09:21:47.394 [main] INFO  o.s.c.s.PostProcessorRegistrationDelegate$BeanPostProcessorChecker - Bean 'adminUserRoleService' of type [njust.se2.librarymanagementsystemweb.service.AdminUserRoleService] is not eligible for getting processed by all BeanPostProcessors (for example: not eligible for auto-proxying)
2020-09-21 09:21:47.415 [main] INFO  o.s.c.s.PostProcessorRegistrationDelegate$BeanPostProcessorChecker - Bean 'adminRolePermissionService' of type [njust.se2.librarymanagementsystemweb.service.AdminRolePermissionService] is not eligible for getting processed by all BeanPostProcessors (for example: not eligible for auto-proxying)
2020-09-21 09:21:47.419 [main] INFO  o.s.c.s.PostProcessorRegistrationDelegate$BeanPostProcessorChecker - Bean 'adminPermissionService' of type [njust.se2.librarymanagementsystemweb.service.AdminPermissionService] is not eligible for getting processed by all BeanPostProcessors (for example: not eligible for auto-proxying)
2020-09-21 09:21:47.428 [main] INFO  o.s.c.s.PostProcessorRegistrationDelegate$BeanPostProcessorChecker - Bean 'adminRoleMenuService' of type [njust.se2.librarymanagementsystemweb.service.AdminRoleMenuService] is not eligible for getting processed by all BeanPostProcessors (for example: not eligible for auto-proxying)
2020-09-21 09:21:47.432 [main] INFO  o.s.c.s.PostProcessorRegistrationDelegate$BeanPostProcessorChecker - Bean 'adminMenuService' of type [njust.se2.librarymanagementsystemweb.service.AdminMenuService] is not eligible for getting processed by all BeanPostProcessors (for example: not eligible for auto-proxying)
2020-09-21 09:21:47.432 [main] INFO  o.s.c.s.PostProcessorRegistrationDelegate$BeanPostProcessorChecker - Bean 'adminRoleService' of type [njust.se2.librarymanagementsystemweb.service.AdminRoleService] is not eligible for getting processed by all BeanPostProcessors (for example: not eligible for auto-proxying)
2020-09-21 09:21:47.433 [main] INFO  o.s.c.s.PostProcessorRegistrationDelegate$BeanPostProcessorChecker - Bean 'userService' of type [njust.se2.librarymanagementsystemweb.service.UserService] is not eligible for getting processed by all BeanPostProcessors (for example: not eligible for auto-proxying)
2020-09-21 09:21:47.433 [main] INFO  o.s.c.s.PostProcessorRegistrationDelegate$BeanPostProcessorChecker - Bean 'getLMSRealm' of type [njust.se2.librarymanagementsystemweb.realm.LMSRealm] is not eligible for getting processed by all BeanPostProcessors (for example: not eligible for auto-proxying)
2020-09-21 09:21:47.444 [main] INFO  o.s.c.s.PostProcessorRegistrationDelegate$BeanPostProcessorChecker - Bean 'securityManager' of type [org.apache.shiro.web.mgt.DefaultWebSecurityManager] is not eligible for getting processed by all BeanPostProcessors (for example: not eligible for auto-proxying)
2020-09-21 09:21:47.656 [main] INFO  o.s.scheduling.concurrent.ThreadPoolTaskExecutor - Initializing ExecutorService 'applicationTaskExecutor'
2020-09-21 09:21:47.680 [main] INFO  com.zaxxer.hikari.HikariDataSource - HikariPool-1 - Starting...
2020-09-21 09:21:47.836 [main] INFO  com.zaxxer.hikari.HikariDataSource - HikariPool-1 - Start completed.
2020-09-21 09:21:47.923 [task-1] INFO  org.hibernate.jpa.internal.util.LogHelper - HHH000204: Processing PersistenceUnitInfo [name: default]
2020-09-21 09:21:47.994 [task-1] INFO  org.hibernate.Version - HHH000412: Hibernate ORM core version 5.4.21.Final
2020-09-21 09:21:48.143 [task-1] INFO  org.hibernate.annotations.common.Version - HCANN000001: Hibernate Commons Annotations {5.1.0.Final}
2020-09-21 09:21:48.298 [task-1] INFO  org.hibernate.dialect.Dialect - HHH000400: Using dialect: org.hibernate.dialect.MySQL57Dialect
2020-09-21 09:21:48.541 [main] INFO  o.s.b.a.web.servlet.WelcomePageHandlerMapping - Adding welcome page: class path resource [static/index.html]
2020-09-21 09:21:48.860 [main] INFO  o.s.d.r.c.DeferredRepositoryInitializationListener - Triggering deferred initialization of Spring Data repositories…
2020-09-21 09:21:49.136 [task-1] INFO  o.h.e.t.jta.platform.internal.JtaPlatformInitiator - HHH000490: Using JtaPlatform implementation: [org.hibernate.engine.transaction.jta.platform.internal.NoJtaPlatform]
2020-09-21 09:21:49.144 [task-1] INFO  o.s.orm.jpa.LocalContainerEntityManagerFactoryBean - Initialized JPA EntityManagerFactory for persistence unit 'default'
2020-09-21 09:21:49.508 [main] INFO  o.s.d.r.c.DeferredRepositoryInitializationListener - Spring Data repositories initialized!
2020-09-21 09:21:49.515 [main] INFO  njust.se2.librarymanagementsystemweb.test.JpaTest - Started JpaTest in 4.268 seconds (JVM running for 5.48)
2020-09-21 09:21:49.878 [SpringContextShutdownHook] INFO  o.s.orm.jpa.LocalContainerEntityManagerFactoryBean - Closing JPA EntityManagerFactory for persistence unit 'default'
2020-09-21 09:21:49.881 [SpringContextShutdownHook] INFO  o.s.scheduling.concurrent.ThreadPoolTaskExecutor - Shutting down ExecutorService 'applicationTaskExecutor'
2020-09-21 09:21:49.882 [SpringContextShutdownHook] INFO  com.zaxxer.hikari.HikariDataSource - HikariPool-1 - Shutdown initiated...
2020-09-21 09:21:49.895 [SpringContextShutdownHook] INFO  com.zaxxer.hikari.HikariDataSource - HikariPool-1 - Shutdown completed.
2020-09-21 09:24:38.045 [background-preinit] INFO  org.hibernate.validator.internal.util.Version - HV000001: Hibernate Validator 5.4.1.Final
2020-09-21 09:24:38.071 [main] INFO  n.s.l.LibrarymanagementsystemWebApplication - Starting LibrarymanagementsystemWebApplication on pnephrit with PID 11204 (E:\Desktop\sms\LibraryManagementSystem\target\classes started by panyu in E:\Desktop\sms\LibraryManagementSystem)
2020-09-21 09:24:38.072 [main] INFO  n.s.l.LibrarymanagementsystemWebApplication - No active profile set, falling back to default profiles: default
2020-09-21 09:24:38.585 [main] INFO  o.s.d.r.config.RepositoryConfigurationDelegate - Bootstrapping Spring Data JPA repositories in DEFERRED mode.
2020-09-21 09:24:38.644 [main] INFO  o.s.d.r.config.RepositoryConfigurationDelegate - Finished Spring Data repository scanning in 55ms. Found 9 JPA repository interfaces.
2020-09-21 09:24:38.777 [main] INFO  o.s.c.s.PostProcessorRegistrationDelegate$BeanPostProcessorChecker - Bean 'shiroConfigurer' of type [njust.se2.librarymanagementsystemweb.config.ShiroConfigurer$$EnhancerBySpringCGLIB$$8e8e01b1] is not eligible for getting processed by all BeanPostProcessors (for example: not eligible for auto-proxying)
2020-09-21 09:24:38.832 [main] INFO  o.s.c.s.PostProcessorRegistrationDelegate$BeanPostProcessorChecker - Bean 'hashedCredentialsMatcher' of type [org.apache.shiro.authc.credential.HashedCredentialsMatcher] is not eligible for getting processed by all BeanPostProcessors (for example: not eligible for auto-proxying)
2020-09-21 09:24:38.844 [main] INFO  o.s.c.s.PostProcessorRegistrationDelegate$BeanPostProcessorChecker - Bean 'adminUserRoleService' of type [njust.se2.librarymanagementsystemweb.service.AdminUserRoleService] is not eligible for getting processed by all BeanPostProcessors (for example: not eligible for auto-proxying)
2020-09-21 09:24:38.858 [main] INFO  o.s.c.s.PostProcessorRegistrationDelegate$BeanPostProcessorChecker - Bean 'adminRolePermissionService' of type [njust.se2.librarymanagementsystemweb.service.AdminRolePermissionService] is not eligible for getting processed by all BeanPostProcessors (for example: not eligible for auto-proxying)
2020-09-21 09:24:38.861 [main] INFO  o.s.c.s.PostProcessorRegistrationDelegate$BeanPostProcessorChecker - Bean 'adminPermissionService' of type [njust.se2.librarymanagementsystemweb.service.AdminPermissionService] is not eligible for getting processed by all BeanPostProcessors (for example: not eligible for auto-proxying)
2020-09-21 09:24:38.865 [main] INFO  o.s.c.s.PostProcessorRegistrationDelegate$BeanPostProcessorChecker - Bean 'adminRoleMenuService' of type [njust.se2.librarymanagementsystemweb.service.AdminRoleMenuService] is not eligible for getting processed by all BeanPostProcessors (for example: not eligible for auto-proxying)
2020-09-21 09:24:38.868 [main] INFO  o.s.c.s.PostProcessorRegistrationDelegate$BeanPostProcessorChecker - Bean 'adminMenuService' of type [njust.se2.librarymanagementsystemweb.service.AdminMenuService] is not eligible for getting processed by all BeanPostProcessors (for example: not eligible for auto-proxying)
2020-09-21 09:24:38.868 [main] INFO  o.s.c.s.PostProcessorRegistrationDelegate$BeanPostProcessorChecker - Bean 'adminRoleService' of type [njust.se2.librarymanagementsystemweb.service.AdminRoleService] is not eligible for getting processed by all BeanPostProcessors (for example: not eligible for auto-proxying)
2020-09-21 09:24:38.869 [main] INFO  o.s.c.s.PostProcessorRegistrationDelegate$BeanPostProcessorChecker - Bean 'userService' of type [njust.se2.librarymanagementsystemweb.service.UserService] is not eligible for getting processed by all BeanPostProcessors (for example: not eligible for auto-proxying)
2020-09-21 09:24:38.870 [main] INFO  o.s.c.s.PostProcessorRegistrationDelegate$BeanPostProcessorChecker - Bean 'getLMSRealm' of type [njust.se2.librarymanagementsystemweb.realm.LMSRealm] is not eligible for getting processed by all BeanPostProcessors (for example: not eligible for auto-proxying)
2020-09-21 09:24:38.876 [main] INFO  o.s.c.s.PostProcessorRegistrationDelegate$BeanPostProcessorChecker - Bean 'securityManager' of type [org.apache.shiro.web.mgt.DefaultWebSecurityManager] is not eligible for getting processed by all BeanPostProcessors (for example: not eligible for auto-proxying)
2020-09-21 09:24:39.055 [main] INFO  o.s.boot.web.embedded.tomcat.TomcatWebServer - Tomcat initialized with port(s): 8998 (http)
2020-09-21 09:24:39.063 [main] INFO  org.apache.coyote.http11.Http11NioProtocol - Initializing ProtocolHandler ["http-nio-8998"]
2020-09-21 09:24:39.063 [main] INFO  org.apache.catalina.core.StandardService - Starting service [Tomcat]
2020-09-21 09:24:39.063 [main] INFO  org.apache.catalina.core.StandardEngine - Starting Servlet engine: [Apache Tomcat/9.0.37]
2020-09-21 09:24:39.195 [main] INFO  o.a.c.core.ContainerBase.[Tomcat].[localhost].[/] - Initializing Spring embedded WebApplicationContext
2020-09-21 09:24:39.196 [main] INFO  o.s.b.w.s.c.ServletWebServerApplicationContext - Root WebApplicationContext: initialization completed in 1087 ms
2020-09-21 09:24:39.321 [main] INFO  o.s.scheduling.concurrent.ThreadPoolTaskExecutor - Initializing ExecutorService 'applicationTaskExecutor'
2020-09-21 09:24:39.326 [main] INFO  com.zaxxer.hikari.HikariDataSource - HikariPool-1 - Starting...
2020-09-21 09:24:39.404 [main] INFO  com.zaxxer.hikari.HikariDataSource - HikariPool-1 - Start completed.
2020-09-21 09:24:39.436 [task-1] INFO  org.hibernate.jpa.internal.util.LogHelper - HHH000204: Processing PersistenceUnitInfo [name: default]
2020-09-21 09:24:39.468 [task-1] INFO  org.hibernate.Version - HHH000412: Hibernate ORM core version 5.4.21.Final
2020-09-21 09:24:39.556 [task-1] INFO  org.hibernate.annotations.common.Version - HCANN000001: Hibernate Commons Annotations {5.1.0.Final}
2020-09-21 09:24:39.632 [main] INFO  o.s.b.a.web.servlet.WelcomePageHandlerMapping - Adding welcome page: class path resource [static/index.html]
2020-09-21 09:24:39.643 [task-1] INFO  org.hibernate.dialect.Dialect - HHH000400: Using dialect: org.hibernate.dialect.MySQL57Dialect
2020-09-21 09:24:39.749 [main] INFO  org.apache.coyote.http11.Http11NioProtocol - Starting ProtocolHandler ["http-nio-8998"]
2020-09-21 09:24:39.764 [main] INFO  o.s.boot.web.embedded.tomcat.TomcatWebServer - Tomcat started on port(s): 8998 (http) with context path ''
2020-09-21 09:24:39.765 [main] INFO  o.s.d.r.c.DeferredRepositoryInitializationListener - Triggering deferred initialization of Spring Data repositories…
2020-09-21 09:24:40.080 [task-1] INFO  o.h.e.t.jta.platform.internal.JtaPlatformInitiator - HHH000490: Using JtaPlatform implementation: [org.hibernate.engine.transaction.jta.platform.internal.NoJtaPlatform]
2020-09-21 09:24:40.085 [task-1] INFO  o.s.orm.jpa.LocalContainerEntityManagerFactoryBean - Initialized JPA EntityManagerFactory for persistence unit 'default'
2020-09-21 09:24:40.276 [main] INFO  o.s.d.r.c.DeferredRepositoryInitializationListener - Spring Data repositories initialized!
2020-09-21 09:24:40.282 [main] INFO  n.s.l.LibrarymanagementsystemWebApplication - Started LibrarymanagementsystemWebApplication in 2.614 seconds (JVM running for 3.332)
2020-09-21 09:25:04.551 [http-nio-8998-exec-1] INFO  o.a.c.core.ContainerBase.[Tomcat].[localhost].[/] - Initializing Spring DispatcherServlet 'dispatcherServlet'
2020-09-21 09:25:04.551 [http-nio-8998-exec-1] INFO  org.springframework.web.servlet.DispatcherServlet - Initializing Servlet 'dispatcherServlet'
2020-09-21 09:25:04.557 [http-nio-8998-exec-1] INFO  org.springframework.web.servlet.DispatcherServlet - Completed initialization in 6 ms
2020-09-21 09:35:42.083 [background-preinit] INFO  org.hibernate.validator.internal.util.Version - HV000001: Hibernate Validator 5.4.1.Final
2020-09-21 09:35:42.105 [main] INFO  n.s.l.LibrarymanagementsystemWebApplication - Starting LibrarymanagementsystemWebApplication on pnephrit with PID 7908 (E:\Desktop\sms\LibraryManagementSystem\target\classes started by panyu in E:\Desktop\sms\LibraryManagementSystem)
2020-09-21 09:35:42.107 [main] INFO  n.s.l.LibrarymanagementsystemWebApplication - No active profile set, falling back to default profiles: default
2020-09-21 09:35:42.662 [main] INFO  o.s.d.r.config.RepositoryConfigurationDelegate - Bootstrapping Spring Data JPA repositories in DEFERRED mode.
2020-09-21 09:35:42.717 [main] INFO  o.s.d.r.config.RepositoryConfigurationDelegate - Finished Spring Data repository scanning in 51ms. Found 9 JPA repository interfaces.
2020-09-21 09:35:42.857 [main] INFO  o.s.c.s.PostProcessorRegistrationDelegate$BeanPostProcessorChecker - Bean 'shiroConfigurer' of type [njust.se2.librarymanagementsystemweb.config.ShiroConfigurer$$EnhancerBySpringCGLIB$$cbb36257] is not eligible for getting processed by all BeanPostProcessors (for example: not eligible for auto-proxying)
2020-09-21 09:35:42.917 [main] INFO  o.s.c.s.PostProcessorRegistrationDelegate$BeanPostProcessorChecker - Bean 'hashedCredentialsMatcher' of type [org.apache.shiro.authc.credential.HashedCredentialsMatcher] is not eligible for getting processed by all BeanPostProcessors (for example: not eligible for auto-proxying)
2020-09-21 09:35:42.931 [main] INFO  o.s.c.s.PostProcessorRegistrationDelegate$BeanPostProcessorChecker - Bean 'adminUserRoleService' of type [njust.se2.librarymanagementsystemweb.service.AdminUserRoleService] is not eligible for getting processed by all BeanPostProcessors (for example: not eligible for auto-proxying)
2020-09-21 09:35:42.947 [main] INFO  o.s.c.s.PostProcessorRegistrationDelegate$BeanPostProcessorChecker - Bean 'adminRolePermissionService' of type [njust.se2.librarymanagementsystemweb.service.AdminRolePermissionService] is not eligible for getting processed by all BeanPostProcessors (for example: not eligible for auto-proxying)
2020-09-21 09:35:42.950 [main] INFO  o.s.c.s.PostProcessorRegistrationDelegate$BeanPostProcessorChecker - Bean 'adminPermissionService' of type [njust.se2.librarymanagementsystemweb.service.AdminPermissionService] is not eligible for getting processed by all BeanPostProcessors (for example: not eligible for auto-proxying)
2020-09-21 09:35:42.955 [main] INFO  o.s.c.s.PostProcessorRegistrationDelegate$BeanPostProcessorChecker - Bean 'adminRoleMenuService' of type [njust.se2.librarymanagementsystemweb.service.AdminRoleMenuService] is not eligible for getting processed by all BeanPostProcessors (for example: not eligible for auto-proxying)
2020-09-21 09:35:42.958 [main] INFO  o.s.c.s.PostProcessorRegistrationDelegate$BeanPostProcessorChecker - Bean 'adminMenuService' of type [njust.se2.librarymanagementsystemweb.service.AdminMenuService] is not eligible for getting processed by all BeanPostProcessors (for example: not eligible for auto-proxying)
2020-09-21 09:35:42.958 [main] INFO  o.s.c.s.PostProcessorRegistrationDelegate$BeanPostProcessorChecker - Bean 'adminRoleService' of type [njust.se2.librarymanagementsystemweb.service.AdminRoleService] is not eligible for getting processed by all BeanPostProcessors (for example: not eligible for auto-proxying)
2020-09-21 09:35:42.959 [main] INFO  o.s.c.s.PostProcessorRegistrationDelegate$BeanPostProcessorChecker - Bean 'userService' of type [njust.se2.librarymanagementsystemweb.service.UserService] is not eligible for getting processed by all BeanPostProcessors (for example: not eligible for auto-proxying)
2020-09-21 09:35:42.960 [main] INFO  o.s.c.s.PostProcessorRegistrationDelegate$BeanPostProcessorChecker - Bean 'getLMSRealm' of type [njust.se2.librarymanagementsystemweb.realm.LMSRealm] is not eligible for getting processed by all BeanPostProcessors (for example: not eligible for auto-proxying)
2020-09-21 09:35:42.964 [main] INFO  o.s.c.s.PostProcessorRegistrationDelegate$BeanPostProcessorChecker - Bean 'securityManager' of type [org.apache.shiro.web.mgt.DefaultWebSecurityManager] is not eligible for getting processed by all BeanPostProcessors (for example: not eligible for auto-proxying)
2020-09-21 09:35:43.128 [main] INFO  o.s.boot.web.embedded.tomcat.TomcatWebServer - Tomcat initialized with port(s): 9000 (http)
2020-09-21 09:35:43.134 [main] INFO  org.apache.coyote.http11.Http11NioProtocol - Initializing ProtocolHandler ["http-nio-9000"]
2020-09-21 09:35:43.134 [main] INFO  org.apache.catalina.core.StandardService - Starting service [Tomcat]
2020-09-21 09:35:43.135 [main] INFO  org.apache.catalina.core.StandardEngine - Starting Servlet engine: [Apache Tomcat/9.0.37]
2020-09-21 09:35:43.219 [main] INFO  o.a.c.core.ContainerBase.[Tomcat].[localhost].[/] - Initializing Spring embedded WebApplicationContext
2020-09-21 09:35:43.219 [main] INFO  o.s.b.w.s.c.ServletWebServerApplicationContext - Root WebApplicationContext: initialization completed in 1076 ms
2020-09-21 09:35:43.305 [main] INFO  o.s.scheduling.concurrent.ThreadPoolTaskExecutor - Initializing ExecutorService 'applicationTaskExecutor'
2020-09-21 09:35:43.310 [main] INFO  com.zaxxer.hikari.HikariDataSource - HikariPool-1 - Starting...
2020-09-21 09:35:43.393 [main] INFO  com.zaxxer.hikari.HikariDataSource - HikariPool-1 - Start completed.
2020-09-21 09:35:43.424 [task-1] INFO  org.hibernate.jpa.internal.util.LogHelper - HHH000204: Processing PersistenceUnitInfo [name: default]
2020-09-21 09:35:43.453 [task-1] INFO  org.hibernate.Version - HHH000412: Hibernate ORM core version 5.4.21.Final
2020-09-21 09:35:43.531 [task-1] INFO  org.hibernate.annotations.common.Version - HCANN000001: Hibernate Commons Annotations {5.1.0.Final}
2020-09-21 09:35:43.581 [main] INFO  o.s.b.a.web.servlet.WelcomePageHandlerMapping - Adding welcome page: class path resource [static/index.html]
2020-09-21 09:35:43.616 [task-1] INFO  org.hibernate.dialect.Dialect - HHH000400: Using dialect: org.hibernate.dialect.MySQL57Dialect
2020-09-21 09:35:43.741 [main] INFO  org.apache.coyote.http11.Http11NioProtocol - Starting ProtocolHandler ["http-nio-9000"]
2020-09-21 09:35:43.766 [main] INFO  o.s.boot.web.embedded.tomcat.TomcatWebServer - Tomcat started on port(s): 9000 (http) with context path ''
2020-09-21 09:35:43.767 [main] INFO  o.s.d.r.c.DeferredRepositoryInitializationListener - Triggering deferred initialization of Spring Data repositories…
2020-09-21 09:35:44.202 [task-1] INFO  o.h.e.t.jta.platform.internal.JtaPlatformInitiator - HHH000490: Using JtaPlatform implementation: [org.hibernate.engine.transaction.jta.platform.internal.NoJtaPlatform]
2020-09-21 09:35:44.207 [task-1] INFO  o.s.orm.jpa.LocalContainerEntityManagerFactoryBean - Initialized JPA EntityManagerFactory for persistence unit 'default'
2020-09-21 09:35:44.410 [main] INFO  o.s.d.r.c.DeferredRepositoryInitializationListener - Spring Data repositories initialized!
2020-09-21 09:35:44.416 [main] INFO  n.s.l.LibrarymanagementsystemWebApplication - Started LibrarymanagementsystemWebApplication in 2.69 seconds (JVM running for 3.448)
2020-09-21 09:36:17.148 [http-nio-9000-exec-1] INFO  o.a.c.core.ContainerBase.[Tomcat].[localhost].[/] - Initializing Spring DispatcherServlet 'dispatcherServlet'
2020-09-21 09:36:17.148 [http-nio-9000-exec-1] INFO  org.springframework.web.servlet.DispatcherServlet - Initializing Servlet 'dispatcherServlet'
2020-09-21 09:36:17.155 [http-nio-9000-exec-1] INFO  org.springframework.web.servlet.DispatcherServlet - Completed initialization in 7 ms
2020-09-21 10:27:47.786 [background-preinit] INFO  org.hibernate.validator.internal.util.Version - HV000001: Hibernate Validator 5.4.1.Final
2020-09-21 10:27:47.825 [main] INFO  n.s.l.LibrarymanagementsystemWebApplicationTests - Starting LibrarymanagementsystemWebApplicationTests on pnephrit with PID 7260 (started by panyu in E:\Desktop\sms\LibraryManagementSystem)
2020-09-21 10:27:47.829 [main] INFO  n.s.l.LibrarymanagementsystemWebApplicationTests - No active profile set, falling back to default profiles: default
2020-09-21 10:27:48.563 [main] INFO  o.s.d.r.config.RepositoryConfigurationDelegate - Bootstrapping Spring Data JPA repositories in DEFERRED mode.
2020-09-21 10:27:48.683 [main] INFO  o.s.d.r.config.RepositoryConfigurationDelegate - Finished Spring Data repository scanning in 111ms. Found 9 JPA repository interfaces.
2020-09-21 10:27:49.005 [main] INFO  o.s.c.s.PostProcessorRegistrationDelegate$BeanPostProcessorChecker - Bean 'shiroConfigurer' of type [njust.se2.librarymanagementsystemweb.config.ShiroConfigurer$$EnhancerBySpringCGLIB$$17fbaec9] is not eligible for getting processed by all BeanPostProcessors (for example: not eligible for auto-proxying)
2020-09-21 10:27:49.127 [main] INFO  o.s.c.s.PostProcessorRegistrationDelegate$BeanPostProcessorChecker - Bean 'hashedCredentialsMatcher' of type [org.apache.shiro.authc.credential.HashedCredentialsMatcher] is not eligible for getting processed by all BeanPostProcessors (for example: not eligible for auto-proxying)
2020-09-21 10:27:49.167 [main] INFO  o.s.c.s.PostProcessorRegistrationDelegate$BeanPostProcessorChecker - Bean 'adminUserRoleService' of type [njust.se2.librarymanagementsystemweb.service.AdminUserRoleService] is not eligible for getting processed by all BeanPostProcessors (for example: not eligible for auto-proxying)
2020-09-21 10:27:49.195 [main] INFO  o.s.c.s.PostProcessorRegistrationDelegate$BeanPostProcessorChecker - Bean 'adminRolePermissionService' of type [njust.se2.librarymanagementsystemweb.service.AdminRolePermissionService] is not eligible for getting processed by all BeanPostProcessors (for example: not eligible for auto-proxying)
2020-09-21 10:27:49.202 [main] INFO  o.s.c.s.PostProcessorRegistrationDelegate$BeanPostProcessorChecker - Bean 'adminPermissionService' of type [njust.se2.librarymanagementsystemweb.service.AdminPermissionService] is not eligible for getting processed by all BeanPostProcessors (for example: not eligible for auto-proxying)
2020-09-21 10:27:49.213 [main] INFO  o.s.c.s.PostProcessorRegistrationDelegate$BeanPostProcessorChecker - Bean 'adminRoleMenuService' of type [njust.se2.librarymanagementsystemweb.service.AdminRoleMenuService] is not eligible for getting processed by all BeanPostProcessors (for example: not eligible for auto-proxying)
2020-09-21 10:27:49.218 [main] INFO  o.s.c.s.PostProcessorRegistrationDelegate$BeanPostProcessorChecker - Bean 'adminMenuService' of type [njust.se2.librarymanagementsystemweb.service.AdminMenuService] is not eligible for getting processed by all BeanPostProcessors (for example: not eligible for auto-proxying)
2020-09-21 10:27:49.219 [main] INFO  o.s.c.s.PostProcessorRegistrationDelegate$BeanPostProcessorChecker - Bean 'adminRoleService' of type [njust.se2.librarymanagementsystemweb.service.AdminRoleService] is not eligible for getting processed by all BeanPostProcessors (for example: not eligible for auto-proxying)
2020-09-21 10:27:49.220 [main] INFO  o.s.c.s.PostProcessorRegistrationDelegate$BeanPostProcessorChecker - Bean 'userService' of type [njust.se2.librarymanagementsystemweb.service.UserService] is not eligible for getting processed by all BeanPostProcessors (for example: not eligible for auto-proxying)
2020-09-21 10:27:49.221 [main] INFO  o.s.c.s.PostProcessorRegistrationDelegate$BeanPostProcessorChecker - Bean 'getLMSRealm' of type [njust.se2.librarymanagementsystemweb.realm.LMSRealm] is not eligible for getting processed by all BeanPostProcessors (for example: not eligible for auto-proxying)
2020-09-21 10:27:49.238 [main] INFO  o.s.c.s.PostProcessorRegistrationDelegate$BeanPostProcessorChecker - Bean 'securityManager' of type [org.apache.shiro.web.mgt.DefaultWebSecurityManager] is not eligible for getting processed by all BeanPostProcessors (for example: not eligible for auto-proxying)
2020-09-21 10:27:49.482 [main] INFO  o.s.scheduling.concurrent.ThreadPoolTaskExecutor - Initializing ExecutorService 'applicationTaskExecutor'
2020-09-21 10:27:49.496 [main] INFO  com.zaxxer.hikari.HikariDataSource - HikariPool-1 - Starting...
2020-09-21 10:27:49.650 [main] INFO  com.zaxxer.hikari.HikariDataSource - HikariPool-1 - Start completed.
2020-09-21 10:27:49.713 [task-1] INFO  org.hibernate.jpa.internal.util.LogHelper - HHH000204: Processing PersistenceUnitInfo [name: default]
2020-09-21 10:27:49.784 [task-1] INFO  org.hibernate.Version - HHH000412: Hibernate ORM core version 5.4.21.Final
2020-09-21 10:27:49.959 [task-1] INFO  org.hibernate.annotations.common.Version - HCANN000001: Hibernate Commons Annotations {5.1.0.Final}
2020-09-21 10:27:50.141 [task-1] INFO  org.hibernate.dialect.Dialect - HHH000400: Using dialect: org.hibernate.dialect.MySQL57Dialect
2020-09-21 10:27:50.430 [main] INFO  o.s.b.a.web.servlet.WelcomePageHandlerMapping - Adding welcome page: class path resource [static/index.html]
2020-09-21 10:27:50.802 [main] INFO  o.s.d.r.c.DeferredRepositoryInitializationListener - Triggering deferred initialization of Spring Data repositories…
2020-09-21 10:27:51.085 [task-1] INFO  o.h.e.t.jta.platform.internal.JtaPlatformInitiator - HHH000490: Using JtaPlatform implementation: [org.hibernate.engine.transaction.jta.platform.internal.NoJtaPlatform]
2020-09-21 10:27:51.093 [task-1] INFO  o.s.orm.jpa.LocalContainerEntityManagerFactoryBean - Initialized JPA EntityManagerFactory for persistence unit 'default'
2020-09-21 10:27:51.480 [main] INFO  o.s.d.r.c.DeferredRepositoryInitializationListener - Spring Data repositories initialized!
2020-09-21 10:27:51.491 [main] INFO  n.s.l.LibrarymanagementsystemWebApplicationTests - Started LibrarymanagementsystemWebApplicationTests in 4.079 seconds (JVM running for 5.133)
2020-09-21 10:27:51.745 [SpringContextShutdownHook] INFO  o.s.orm.jpa.LocalContainerEntityManagerFactoryBean - Closing JPA EntityManagerFactory for persistence unit 'default'
2020-09-21 10:27:51.748 [SpringContextShutdownHook] INFO  o.s.scheduling.concurrent.ThreadPoolTaskExecutor - Shutting down ExecutorService 'applicationTaskExecutor'
2020-09-21 10:27:51.749 [SpringContextShutdownHook] INFO  com.zaxxer.hikari.HikariDataSource - HikariPool-1 - Shutdown initiated...
2020-09-21 10:27:51.761 [SpringContextShutdownHook] INFO  com.zaxxer.hikari.HikariDataSource - HikariPool-1 - Shutdown completed.
2020-09-21 10:28:02.947 [background-preinit] INFO  org.hibernate.validator.internal.util.Version - HV000001: Hibernate Validator 5.4.1.Final
2020-09-21 10:28:02.985 [main] INFO  n.s.l.LibrarymanagementsystemWebApplication - Starting LibrarymanagementsystemWebApplication on pnephrit with PID 7064 (E:\Desktop\sms\LibraryManagementSystem\target\classes started by panyu in E:\Desktop\sms\LibraryManagementSystem)
2020-09-21 10:28:02.996 [main] INFO  n.s.l.LibrarymanagementsystemWebApplication - No active profile set, falling back to default profiles: default
2020-09-21 10:28:03.608 [main] INFO  o.s.d.r.config.RepositoryConfigurationDelegate - Bootstrapping Spring Data JPA repositories in DEFERRED mode.
2020-09-21 10:28:03.710 [main] INFO  o.s.d.r.config.RepositoryConfigurationDelegate - Finished Spring Data repository scanning in 96ms. Found 9 JPA repository interfaces.
2020-09-21 10:28:03.965 [main] INFO  o.s.c.s.PostProcessorRegistrationDelegate$BeanPostProcessorChecker - Bean 'shiroConfigurer' of type [njust.se2.librarymanagementsystemweb.config.ShiroConfigurer$$EnhancerBySpringCGLIB$$a6a2475b] is not eligible for getting processed by all BeanPostProcessors (for example: not eligible for auto-proxying)
2020-09-21 10:28:04.067 [main] INFO  o.s.c.s.PostProcessorRegistrationDelegate$BeanPostProcessorChecker - Bean 'hashedCredentialsMatcher' of type [org.apache.shiro.authc.credential.HashedCredentialsMatcher] is not eligible for getting processed by all BeanPostProcessors (for example: not eligible for auto-proxying)
2020-09-21 10:28:04.093 [main] INFO  o.s.c.s.PostProcessorRegistrationDelegate$BeanPostProcessorChecker - Bean 'adminUserRoleService' of type [njust.se2.librarymanagementsystemweb.service.AdminUserRoleService] is not eligible for getting processed by all BeanPostProcessors (for example: not eligible for auto-proxying)
2020-09-21 10:28:04.121 [main] INFO  o.s.c.s.PostProcessorRegistrationDelegate$BeanPostProcessorChecker - Bean 'adminRolePermissionService' of type [njust.se2.librarymanagementsystemweb.service.AdminRolePermissionService] is not eligible for getting processed by all BeanPostProcessors (for example: not eligible for auto-proxying)
2020-09-21 10:28:04.127 [main] INFO  o.s.c.s.PostProcessorRegistrationDelegate$BeanPostProcessorChecker - Bean 'adminPermissionService' of type [njust.se2.librarymanagementsystemweb.service.AdminPermissionService] is not eligible for getting processed by all BeanPostProcessors (for example: not eligible for auto-proxying)
2020-09-21 10:28:04.135 [main] INFO  o.s.c.s.PostProcessorRegistrationDelegate$BeanPostProcessorChecker - Bean 'adminRoleMenuService' of type [njust.se2.librarymanagementsystemweb.service.AdminRoleMenuService] is not eligible for getting processed by all BeanPostProcessors (for example: not eligible for auto-proxying)
2020-09-21 10:28:04.141 [main] INFO  o.s.c.s.PostProcessorRegistrationDelegate$BeanPostProcessorChecker - Bean 'adminMenuService' of type [njust.se2.librarymanagementsystemweb.service.AdminMenuService] is not eligible for getting processed by all BeanPostProcessors (for example: not eligible for auto-proxying)
2020-09-21 10:28:04.142 [main] INFO  o.s.c.s.PostProcessorRegistrationDelegate$BeanPostProcessorChecker - Bean 'adminRoleService' of type [njust.se2.librarymanagementsystemweb.service.AdminRoleService] is not eligible for getting processed by all BeanPostProcessors (for example: not eligible for auto-proxying)
2020-09-21 10:28:04.144 [main] INFO  o.s.c.s.PostProcessorRegistrationDelegate$BeanPostProcessorChecker - Bean 'userService' of type [njust.se2.librarymanagementsystemweb.service.UserService] is not eligible for getting processed by all BeanPostProcessors (for example: not eligible for auto-proxying)
2020-09-21 10:28:04.145 [main] INFO  o.s.c.s.PostProcessorRegistrationDelegate$BeanPostProcessorChecker - Bean 'getLMSRealm' of type [njust.se2.librarymanagementsystemweb.realm.LMSRealm] is not eligible for getting processed by all BeanPostProcessors (for example: not eligible for auto-proxying)
2020-09-21 10:28:04.157 [main] INFO  o.s.c.s.PostProcessorRegistrationDelegate$BeanPostProcessorChecker - Bean 'securityManager' of type [org.apache.shiro.web.mgt.DefaultWebSecurityManager] is not eligible for getting processed by all BeanPostProcessors (for example: not eligible for auto-proxying)
2020-09-21 10:28:04.453 [main] INFO  o.s.boot.web.embedded.tomcat.TomcatWebServer - Tomcat initialized with port(s): 9000 (http)
2020-09-21 10:28:04.466 [main] INFO  org.apache.coyote.http11.Http11NioProtocol - Initializing ProtocolHandler ["http-nio-9000"]
2020-09-21 10:28:04.467 [main] INFO  org.apache.catalina.core.StandardService - Starting service [Tomcat]
2020-09-21 10:28:04.467 [main] INFO  org.apache.catalina.core.StandardEngine - Starting Servlet engine: [Apache Tomcat/9.0.37]
2020-09-21 10:28:04.573 [main] INFO  o.a.c.core.ContainerBase.[Tomcat].[localhost].[/] - Initializing Spring embedded WebApplicationContext
2020-09-21 10:28:04.574 [main] INFO  o.s.b.w.s.c.ServletWebServerApplicationContext - Root WebApplicationContext: initialization completed in 1522 ms
2020-09-21 10:28:04.687 [main] INFO  o.s.scheduling.concurrent.ThreadPoolTaskExecutor - Initializing ExecutorService 'applicationTaskExecutor'
2020-09-21 10:28:04.695 [main] INFO  com.zaxxer.hikari.HikariDataSource - HikariPool-1 - Starting...
2020-09-21 10:28:04.791 [main] INFO  com.zaxxer.hikari.HikariDataSource - HikariPool-1 - Start completed.
2020-09-21 10:28:04.821 [task-1] INFO  org.hibernate.jpa.internal.util.LogHelper - HHH000204: Processing PersistenceUnitInfo [name: default]
2020-09-21 10:28:04.849 [task-1] INFO  org.hibernate.Version - HHH000412: Hibernate ORM core version 5.4.21.Final
2020-09-21 10:28:04.935 [task-1] INFO  org.hibernate.annotations.common.Version - HCANN000001: Hibernate Commons Annotations {5.1.0.Final}
2020-09-21 10:28:04.991 [main] INFO  o.s.b.a.web.servlet.WelcomePageHandlerMapping - Adding welcome page: class path resource [static/index.html]
2020-09-21 10:28:05.014 [task-1] INFO  org.hibernate.dialect.Dialect - HHH000400: Using dialect: org.hibernate.dialect.MySQL57Dialect
2020-09-21 10:28:05.118 [main] INFO  org.apache.coyote.http11.Http11NioProtocol - Starting ProtocolHandler ["http-nio-9000"]
2020-09-21 10:28:05.135 [main] INFO  o.s.boot.web.embedded.tomcat.TomcatWebServer - Tomcat started on port(s): 9000 (http) with context path ''
2020-09-21 10:28:05.137 [main] INFO  o.s.d.r.c.DeferredRepositoryInitializationListener - Triggering deferred initialization of Spring Data repositories…
2020-09-21 10:28:05.459 [task-1] INFO  o.h.e.t.jta.platform.internal.JtaPlatformInitiator - HHH000490: Using JtaPlatform implementation: [org.hibernate.engine.transaction.jta.platform.internal.NoJtaPlatform]
2020-09-21 10:28:05.464 [task-1] INFO  o.s.orm.jpa.LocalContainerEntityManagerFactoryBean - Initialized JPA EntityManagerFactory for persistence unit 'default'
2020-09-21 10:28:05.676 [main] INFO  o.s.d.r.c.DeferredRepositoryInitializationListener - Spring Data repositories initialized!
2020-09-21 10:28:05.682 [main] INFO  n.s.l.LibrarymanagementsystemWebApplication - Started LibrarymanagementsystemWebApplication in 3.175 seconds (JVM running for 3.954)
2020-09-21 10:28:37.224 [http-nio-9000-exec-1] INFO  o.a.c.core.ContainerBase.[Tomcat].[localhost].[/] - Initializing Spring DispatcherServlet 'dispatcherServlet'
2020-09-21 10:28:37.224 [http-nio-9000-exec-1] INFO  org.springframework.web.servlet.DispatcherServlet - Initializing Servlet 'dispatcherServlet'
2020-09-21 10:28:37.229 [http-nio-9000-exec-1] INFO  org.springframework.web.servlet.DispatcherServlet - Completed initialization in 5 ms
2020-09-21 10:29:34.803 [background-preinit] INFO  org.hibernate.validator.internal.util.Version - HV000001: Hibernate Validator 5.4.1.Final
2020-09-21 10:29:34.860 [main] INFO  n.s.l.LibrarymanagementsystemWebApplication - Starting LibrarymanagementsystemWebApplication on pnephrit with PID 10128 (E:\Desktop\sms\LibraryManagementSystem\target\classes started by panyu in E:\Desktop\sms\LibraryManagementSystem)
2020-09-21 10:29:34.862 [main] INFO  n.s.l.LibrarymanagementsystemWebApplication - No active profile set, falling back to default profiles: default
2020-09-21 10:29:35.436 [main] INFO  o.s.d.r.config.RepositoryConfigurationDelegate - Bootstrapping Spring Data JPA repositories in DEFERRED mode.
2020-09-21 10:29:35.545 [main] INFO  o.s.d.r.config.RepositoryConfigurationDelegate - Finished Spring Data repository scanning in 103ms. Found 9 JPA repository interfaces.
2020-09-21 10:29:35.803 [main] INFO  o.s.c.s.PostProcessorRegistrationDelegate$BeanPostProcessorChecker - Bean 'shiroConfigurer' of type [njust.se2.librarymanagementsystemweb.config.ShiroConfigurer$$EnhancerBySpringCGLIB$$616d49ca] is not eligible for getting processed by all BeanPostProcessors (for example: not eligible for auto-proxying)
2020-09-21 10:29:35.857 [main] INFO  o.s.c.s.PostProcessorRegistrationDelegate$BeanPostProcessorChecker - Bean 'hashedCredentialsMatcher' of type [org.apache.shiro.authc.credential.HashedCredentialsMatcher] is not eligible for getting processed by all BeanPostProcessors (for example: not eligible for auto-proxying)
2020-09-21 10:29:35.869 [main] INFO  o.s.c.s.PostProcessorRegistrationDelegate$BeanPostProcessorChecker - Bean 'adminUserRoleService' of type [njust.se2.librarymanagementsystemweb.service.AdminUserRoleService] is not eligible for getting processed by all BeanPostProcessors (for example: not eligible for auto-proxying)
2020-09-21 10:29:35.883 [main] INFO  o.s.c.s.PostProcessorRegistrationDelegate$BeanPostProcessorChecker - Bean 'adminRolePermissionService' of type [njust.se2.librarymanagementsystemweb.service.AdminRolePermissionService] is not eligible for getting processed by all BeanPostProcessors (for example: not eligible for auto-proxying)
2020-09-21 10:29:35.885 [main] INFO  o.s.c.s.PostProcessorRegistrationDelegate$BeanPostProcessorChecker - Bean 'adminPermissionService' of type [njust.se2.librarymanagementsystemweb.service.AdminPermissionService] is not eligible for getting processed by all BeanPostProcessors (for example: not eligible for auto-proxying)
2020-09-21 10:29:35.890 [main] INFO  o.s.c.s.PostProcessorRegistrationDelegate$BeanPostProcessorChecker - Bean 'adminRoleMenuService' of type [njust.se2.librarymanagementsystemweb.service.AdminRoleMenuService] is not eligible for getting processed by all BeanPostProcessors (for example: not eligible for auto-proxying)
2020-09-21 10:29:35.893 [main] INFO  o.s.c.s.PostProcessorRegistrationDelegate$BeanPostProcessorChecker - Bean 'adminMenuService' of type [njust.se2.librarymanagementsystemweb.service.AdminMenuService] is not eligible for getting processed by all BeanPostProcessors (for example: not eligible for auto-proxying)
2020-09-21 10:29:35.893 [main] INFO  o.s.c.s.PostProcessorRegistrationDelegate$BeanPostProcessorChecker - Bean 'adminRoleService' of type [njust.se2.librarymanagementsystemweb.service.AdminRoleService] is not eligible for getting processed by all BeanPostProcessors (for example: not eligible for auto-proxying)
2020-09-21 10:29:35.893 [main] INFO  o.s.c.s.PostProcessorRegistrationDelegate$BeanPostProcessorChecker - Bean 'userService' of type [njust.se2.librarymanagementsystemweb.service.UserService] is not eligible for getting processed by all BeanPostProcessors (for example: not eligible for auto-proxying)
2020-09-21 10:29:35.894 [main] INFO  o.s.c.s.PostProcessorRegistrationDelegate$BeanPostProcessorChecker - Bean 'getLMSRealm' of type [njust.se2.librarymanagementsystemweb.realm.LMSRealm] is not eligible for getting processed by all BeanPostProcessors (for example: not eligible for auto-proxying)
2020-09-21 10:29:35.898 [main] INFO  o.s.c.s.PostProcessorRegistrationDelegate$BeanPostProcessorChecker - Bean 'securityManager' of type [org.apache.shiro.web.mgt.DefaultWebSecurityManager] is not eligible for getting processed by all BeanPostProcessors (for example: not eligible for auto-proxying)
2020-09-21 10:29:36.083 [main] INFO  o.s.boot.web.embedded.tomcat.TomcatWebServer - Tomcat initialized with port(s): 8998 (http)
2020-09-21 10:29:36.093 [main] INFO  org.apache.coyote.http11.Http11NioProtocol - Initializing ProtocolHandler ["http-nio-8998"]
2020-09-21 10:29:36.094 [main] INFO  org.apache.catalina.core.StandardService - Starting service [Tomcat]
2020-09-21 10:29:36.094 [main] INFO  org.apache.catalina.core.StandardEngine - Starting Servlet engine: [Apache Tomcat/9.0.37]
2020-09-21 10:29:36.185 [main] INFO  o.a.c.core.ContainerBase.[Tomcat].[localhost].[/] - Initializing Spring embedded WebApplicationContext
2020-09-21 10:29:36.185 [main] INFO  o.s.b.w.s.c.ServletWebServerApplicationContext - Root WebApplicationContext: initialization completed in 1260 ms
2020-09-21 10:29:36.287 [main] INFO  o.s.scheduling.concurrent.ThreadPoolTaskExecutor - Initializing ExecutorService 'applicationTaskExecutor'
2020-09-21 10:29:36.294 [main] INFO  com.zaxxer.hikari.HikariDataSource - HikariPool-1 - Starting...
2020-09-21 10:29:36.372 [main] INFO  com.zaxxer.hikari.HikariDataSource - HikariPool-1 - Start completed.
2020-09-21 10:29:36.401 [task-1] INFO  org.hibernate.jpa.internal.util.LogHelper - HHH000204: Processing PersistenceUnitInfo [name: default]
2020-09-21 10:29:36.430 [task-1] INFO  org.hibernate.Version - HHH000412: Hibernate ORM core version 5.4.21.Final
2020-09-21 10:29:36.524 [task-1] INFO  org.hibernate.annotations.common.Version - HCANN000001: Hibernate Commons Annotations {5.1.0.Final}
2020-09-21 10:29:36.586 [main] INFO  o.s.b.a.web.servlet.WelcomePageHandlerMapping - Adding welcome page: class path resource [static/index.html]
2020-09-21 10:29:36.612 [task-1] INFO  org.hibernate.dialect.Dialect - HHH000400: Using dialect: org.hibernate.dialect.MySQL57Dialect
2020-09-21 10:29:36.748 [main] INFO  org.apache.coyote.http11.Http11NioProtocol - Starting ProtocolHandler ["http-nio-8998"]
2020-09-21 10:29:36.766 [main] INFO  o.s.boot.web.embedded.tomcat.TomcatWebServer - Tomcat started on port(s): 8998 (http) with context path ''
2020-09-21 10:29:36.768 [main] INFO  o.s.d.r.c.DeferredRepositoryInitializationListener - Triggering deferred initialization of Spring Data repositories…
2020-09-21 10:29:37.114 [task-1] INFO  o.h.e.t.jta.platform.internal.JtaPlatformInitiator - HHH000490: Using JtaPlatform implementation: [org.hibernate.engine.transaction.jta.platform.internal.NoJtaPlatform]
2020-09-21 10:29:37.119 [task-1] INFO  o.s.orm.jpa.LocalContainerEntityManagerFactoryBean - Initialized JPA EntityManagerFactory for persistence unit 'default'
2020-09-21 10:29:37.343 [main] INFO  o.s.d.r.c.DeferredRepositoryInitializationListener - Spring Data repositories initialized!
2020-09-21 10:29:37.352 [main] INFO  n.s.l.LibrarymanagementsystemWebApplication - Started LibrarymanagementsystemWebApplication in 3.157 seconds (JVM running for 3.883)
2020-09-21 10:30:42.845 [http-nio-8998-exec-1] INFO  o.a.c.core.ContainerBase.[Tomcat].[localhost].[/] - Initializing Spring DispatcherServlet 'dispatcherServlet'
2020-09-21 10:30:42.845 [http-nio-8998-exec-1] INFO  org.springframework.web.servlet.DispatcherServlet - Initializing Servlet 'dispatcherServlet'
2020-09-21 10:30:42.852 [http-nio-8998-exec-1] INFO  org.springframework.web.servlet.DispatcherServlet - Completed initialization in 7 ms
